"w"		"+forward"
"UPARROW"	"+forward"
"s"		"+back"
"DOWNARROW"	"+back"
"LEFTARROW"	"+left"
"RIGHTARROW"	"+right"
"a"		"+moveleft"
","		"+moveleft"
"d"		"+moveright"
"."		"+moveright"
"SPACE"		"+jump"
"CTRL"		"+duck"
"q"		"+duck"
"TAB"		"+showscores"
"e"		"+use"
"c"		"+voicerecord"
"PGUP"		"+lookup"
"PGDN"		"+lookdown"
"END"		"centerview"
"ALT"		"+strafe"
"INS"		"+klook"
";"		"+mlook"
"r"		"+reload"
"SHIFT"		"+reload"
"MOUSE1"	"+attack"
"ENTER"		"+attack"
"MOUSE2"	"+attack2"
"F5"		"snapshot"
"ESCAPE"	"escape"
"~"		"toggleconsole"
"`"		"toggleconsole"
"y"		"messagemode"
"u"		"messagemode2"
"MOUSE3"	"thirdperson"
"f"		"namecycle"
"k"		"kill"
"p"		"sv_restart"
"v"		"permvoice"